02:44:47: Creating resource group General
02:44:47: Creating resource group Internal
02:44:47: Creating resource group Autodetect
02:44:47: Registering ResourceManager for type Mesh
02:44:47: Registering ResourceManager for type Material
02:44:47: Registering ResourceManager for type Skeleton
02:44:48: XMLMeshSerializer reading mesh data from /home/brett/Desktop/ship/test/BrokenDing_wire_15322.mesh.xml...
02:44:49: Reading submeshes...
02:44:49: Reading geometry...
02:44:50: Geometry done...
02:44:50: Submeshes done.
02:44:51: XMLMeshSerializer import successful.
02:44:51: Reorganising vertex buffers to automatic layout..
02:44:51: MeshSerializer writing mesh data to /home/brett/Desktop/ship/test/BrokenDing_wire_15322.mesh...
02:44:51: File header written.
02:44:51: Writing mesh data...
02:44:51: Writing submesh...
02:44:51: Exporting submesh texture aliases...
02:44:51: Submesh texture aliases exported.
02:44:51: Submesh exported.
02:44:51: Exporting bounds information....
02:44:51: Bounds information exported.
02:44:51: Exporting submesh name table...
02:44:51: Submesh name table exported.
02:44:51: Exporting edge lists...
02:44:51: Edge lists exported
02:44:51: Mesh data exported.
02:44:51: MeshSerializer export successful.
02:44:51: Unregistering ResourceManager for type Skeleton
02:44:51: Unregistering ResourceManager for type Material
02:44:51: Unregistering ResourceManager for type Mesh
