22:17:14: Creating resource group General
22:17:14: Creating resource group Internal
22:17:14: Creating resource group Autodetect
22:17:14: SceneManagerFactory for type 'DefaultSceneManager' registered.
22:17:14: Registering ResourceManager for type Material
22:17:14: Registering ResourceManager for type Mesh
22:17:14: Registering ResourceManager for type Skeleton
22:17:14: MovableObjectFactory for type 'ParticleSystem' registered.
22:17:14: OverlayElementFactory for type Panel registered.
22:17:14: OverlayElementFactory for type BorderPanel registered.
22:17:14: OverlayElementFactory for type TextArea registered.
22:17:14: Registering ResourceManager for type Font
22:17:14: ArchiveFactory for archive type FileSystem registered.
22:17:14: ArchiveFactory for archive type Zip registered.
22:17:14: DDS codec registering
22:17:14: FreeImage version: 3.10.0
22:17:14: This program uses FreeImage, a free, open source image library supporting all common bitmap formats. See http://freeimage.sourceforge.net for details
22:17:14: Supported formats: bmp,ico,jpg,jif,jpeg,jpe,jng,koa,iff,lbm,mng,pbm,pbm,pcd,pcx,pgm,pgm,png,ppm,ppm,ras,tga,targa,tif,tiff,wap,wbmp,wbm,psd,cut,xbm,xpm,gif,hdr,g3,sgi,exr,j2k,j2c,jp2
22:17:14: Registering ResourceManager for type HighLevelGpuProgram
22:17:14: Registering ResourceManager for type Compositor
22:17:14: MovableObjectFactory for type 'Entity' registered.
22:17:14: MovableObjectFactory for type 'Light' registered.
22:17:14: MovableObjectFactory for type 'BillboardSet' registered.
22:17:14: MovableObjectFactory for type 'ManualObject' registered.
22:17:14: MovableObjectFactory for type 'BillboardChain' registered.
22:17:14: MovableObjectFactory for type 'RibbonTrail' registered.
22:17:14: OGRE EXCEPTION(6:FileNotFoundException): 'plugins.cfg' file not found! in ConfigFile::load at /home/brett/dev/ogre/OgreMain/src/OgreConfigFile.cpp (line 83)
22:17:14: plugins.cfg not found, automatic plugin loading disabled.
22:17:14: *-*-* OGRE Initialising
22:17:14: *-*-* Version 1.7.2 (Cthugha)
22:17:14: OGRE EXCEPTION(6:FileNotFoundException): 'resources.cfg' file not found! in ConfigFile::load at /home/brett/dev/ogre/OgreMain/src/OgreConfigFile.cpp (line 83)
22:17:14: *-*-* OGRE Shutdown
22:17:14: Unregistering ResourceManager for type Compositor
22:17:14: Unregistering ResourceManager for type Font
22:17:14: Unregistering ResourceManager for type Skeleton
22:17:14: Unregistering ResourceManager for type Mesh
22:17:14: Unregistering ResourceManager for type HighLevelGpuProgram
22:17:14: Unregistering ResourceManager for type Material
